# JRE version: OpenJDK Runtime Environment (21.0.5+11) (build 21.0.5+11-LTS)
# Java VM: OpenJDK 64-Bit Server VM (21.0.5+11-LTS, mixed mode, sharing, tiered, compressed oops, compressed class ptrs, g1 gc, windows-amd64)
GC Precious Log:
 CardTable entry size: 512
 Card Set container configuration: InlinePtr #cards 4 size 8 Array Of Cards #cards 16 size 48 Howl #buckets 8 coarsen threshold 3686 Howl Bitmap #cards 512 size 80 coarsen threshold 460 Card regions per heap region 1 cards per card region 4096
 CPUs: 4 total, 4 available
 Memory: 16123M
 Large Page Support: Disabled
 NUMA Support: Disabled
 Compressed Oops: Enabled (Zero based)
 Heap Region Size: 2M
 Heap Min Capacity: 8M
 Heap Initial Capacity: 252M
 Heap Max Capacity: 4032M
 Pre-touch: Disabled
 Parallel Workers: 4
 Concurrent Workers: 1
 Concurrent Refinement Workers: 4
 Periodic GC: Disabled
Heap:
 garbage-first heap   total 700416K, used 139008K [0x0000000704000000, 0x0000000800000000)
  region size 2048K, 20 young (40960K), 7 survivors (14336K)
 Metaspace       used 26396K, committed 26752K, reserved 1114112K
  class space    used 2328K, committed 2496K, reserved 1048576K
GC Heap History (20 events):
Event: 1038.242 GC heap before
{Heap before GC invocations=30 (full 0):
 garbage-first heap   total 282624K, used 126390K [0x0000000704000000, 0x0000000800000000)
  region size 2048K, 2 young (4096K), 1 survivors (2048K)
 Metaspace       used 25975K, committed 26368K, reserved 1114112K
  class space    used 2315K, committed 2496K, reserved 1048576K
}
Event: 1038.244 GC heap after
{Heap after GC invocations=31 (full 0):
 garbage-first heap   total 282624K, used 114121K [0x0000000704000000, 0x0000000800000000)
  region size 2048K, 1 young (2048K), 1 survivors (2048K)
 Metaspace       used 25975K, committed 26368K, reserved 1114112K
  class space    used 2315K, committed 2496K, reserved 1048576K
}
Event: 1038.329 GC heap before
{Heap before GC invocations=32 (full 0):
 garbage-first heap   total 282624K, used 122313K [0x0000000704000000, 0x0000000800000000)
  region size 2048K, 2 young (4096K), 1 survivors (2048K)
 Metaspace       used 25976K, committed 26368K, reserved 1114112K
  class space    used 2315K, committed 2496K, reserved 1048576K
}
Event: 1038.330 GC heap after
{Heap after GC invocations=33 (full 0):
 garbage-first heap   total 282624K, used 64976K [0x0000000704000000, 0x0000000800000000)
  region size 2048K, 1 young (2048K), 1 survivors (2048K)
 Metaspace       used 25976K, committed 26368K, reserved 1114112K
  class space    used 2315K, committed 2496K, reserved 1048576K
}
Event: 1038.538 GC heap before
{Heap before GC invocations=33 (full 0):
 garbage-first heap   total 282624K, used 122320K [0x0000000704000000, 0x0000000800000000)
  region size 2048K, 2 young (4096K), 1 survivors (2048K)
 Metaspace       used 25980K, committed 26368K, reserved 1114112K
  class space    used 2315K, committed 2496K, reserved 1048576K
}
Event: 1038.545 GC heap after
{Heap after GC invocations=34 (full 0):
 garbage-first heap   total 700416K, used 114109K [0x0000000704000000, 0x0000000800000000)
  region size 2048K, 1 young (2048K), 1 survivors (2048K)
 Metaspace       used 25980K, committed 26368K, reserved 1114112K
  class space    used 2315K, committed 2496K, reserved 1048576K
}
Event: 1039.405 GC heap before
{Heap before GC invocations=34 (full 0):
 garbage-first heap   total 700416K, used 310717K [0x0000000704000000, 0x0000000800000000)
  region size 2048K, 2 young (4096K), 1 survivors (2048K)
 Metaspace       used 25990K, committed 26368K, reserved 1114112K
  class space    used 2315K, committed 2496K, reserved 1048576K
}
Event: 1039.406 GC heap after
{Heap after GC invocations=35 (full 0):
 garbage-first heap   total 700416K, used 253384K [0x0000000704000000, 0x0000000800000000)
  region size 2048K, 1 young (2048K), 1 survivors (2048K)
 Metaspace       used 25990K, committed 26368K, reserved 1114112K
  class space    used 2315K, committed 2496K, reserved 1048576K
}
Event: 1039.773 GC heap before
{Heap before GC invocations=36 (full 0):
 garbage-first heap   total 700416K, used 312776K [0x0000000704000000, 0x0000000800000000)
  region size 2048K, 3 young (6144K), 1 survivors (2048K)
 Metaspace       used 25997K, committed 26368K, reserved 1114112K
  class space    used 2315K, committed 2496K, reserved 1048576K
}
Event: 1039.774 GC heap after
{Heap after GC invocations=37 (full 0):
 garbage-first heap   total 700416K, used 122311K [0x0000000704000000, 0x0000000800000000)
  region size 2048K, 1 young (2048K), 1 survivors (2048K)
 Metaspace       used 25997K, committed 26368K, reserved 1114112K
  class space    used 2315K, committed 2496K, reserved 1048576K
}
Event: 1041.198 GC heap before
{Heap before GC invocations=37 (full 0):
 garbage-first heap   total 700416K, used 312775K [0x0000000704000000, 0x0000000800000000)
  region size 2048K, 3 young (6144K), 1 survivors (2048K)
 Metaspace       used 26005K, committed 26368K, reserved 1114112K
  class space    used 2315K, committed 2496K, reserved 1048576K
}
Event: 1041.200 GC heap after
{Heap after GC invocations=38 (full 0):
 garbage-first heap   total 700416K, used 237014K [0x0000000704000000, 0x0000000800000000)
  region size 2048K, 1 young (2048K), 1 survivors (2048K)
 Metaspace       used 26005K, committed 26368K, reserved 1114112K
  class space    used 2315K, committed 2496K, reserved 1048576K
}
Event: 1041.695 GC heap before
{Heap before GC invocations=38 (full 0):
 garbage-first heap   total 700416K, used 314838K [0x0000000704000000, 0x0000000800000000)
  region size 2048K, 4 young (8192K), 1 survivors (2048K)
 Metaspace       used 26012K, committed 26368K, reserved 1114112K
  class space    used 2315K, committed 2496K, reserved 1048576K
}
Event: 1041.696 GC heap after
{Heap after GC invocations=39 (full 0):
 garbage-first heap   total 700416K, used 130520K [0x0000000704000000, 0x0000000800000000)
  region size 2048K, 1 young (2048K), 1 survivors (2048K)
 Metaspace       used 26012K, committed 26368K, reserved 1114112K
  class space    used 2315K, committed 2496K, reserved 1048576K
}
Event: 3587.949 GC heap before
{Heap before GC invocations=39 (full 0):
 garbage-first heap   total 700416K, used 536024K [0x0000000704000000, 0x0000000800000000)
  region size 2048K, 111 young (227328K), 1 survivors (2048K)
 Metaspace       used 26114K, committed 26496K, reserved 1114112K
  class space    used 2317K, committed 2496K, reserved 1048576K
}
Event: 3587.971 GC heap after
{Heap after GC invocations=40 (full 0):
 garbage-first heap   total 700416K, used 245843K [0x0000000704000000, 0x0000000800000000)
  region size 2048K, 4 young (8192K), 4 survivors (8192K)
 Metaspace       used 26114K, committed 26496K, reserved 1114112K
  class space    used 2317K, committed 2496K, reserved 1048576K
}
Event: 8392.432 GC heap before
{Heap before GC invocations=40 (full 0):
 garbage-first heap   total 700416K, used 501843K [0x0000000704000000, 0x0000000800000000)
  region size 2048K, 97 young (198656K), 4 survivors (8192K)
 Metaspace       used 26365K, committed 26752K, reserved 1114112K
  class space    used 2328K, committed 2496K, reserved 1048576K
}
Event: 8392.450 GC heap after
{Heap after GC invocations=41 (full 0):
 garbage-first heap   total 700416K, used 135546K [0x0000000704000000, 0x0000000800000000)
  region size 2048K, 2 young (4096K), 2 survivors (4096K)
 Metaspace       used 26365K, committed 26752K, reserved 1114112K
  class space    used 2328K, committed 2496K, reserved 1048576K
}
Event: 13135.414 GC heap before
{Heap before GC invocations=41 (full 0):
 garbage-first heap   total 700416K, used 559482K [0x0000000704000000, 0x0000000800000000)
  region size 2048K, 205 young (419840K), 2 survivors (4096K)
 Metaspace       used 26395K, committed 26752K, reserved 1114112K
  class space    used 2328K, committed 2496K, reserved 1048576K
}
Event: 13135.483 GC heap after
{Heap after GC invocations=42 (full 0):
 garbage-first heap   total 700416K, used 114432K [0x0000000704000000, 0x0000000800000000)
  region size 2048K, 7 young (14336K), 7 survivors (14336K)
 Metaspace       used 26395K, committed 26752K, reserved 1114112K
  class space    used 2328K, committed 2496K, reserved 1048576K
}

