# JRE version: OpenJDK Runtime Environment (21.0.5+11) (build 21.0.5+11-LTS)
# Java VM: OpenJDK 64-Bit Server VM (21.0.5+11-LTS, mixed mode, sharing, tiered, compressed oops, compressed class ptrs, g1 gc, windows-amd64)
GC Precious Log:
 CardTable entry size: 512
 Card Set container configuration: InlinePtr #cards 4 size 8 Array Of Cards #cards 16 size 48 Howl #buckets 8 coarsen threshold 3686 Howl Bitmap #cards 512 size 80 coarsen threshold 460 Card regions per heap region 1 cards per card region 4096
 CPUs: 4 total, 4 available
 Memory: 16123M
 Large Page Support: Disabled
 NUMA Support: Disabled
 Compressed Oops: Enabled (Zero based)
 Heap Region Size: 2M
 Heap Min Capacity: 8M
 Heap Initial Capacity: 252M
 Heap Max Capacity: 4032M
 Pre-touch: Disabled
 Parallel Workers: 4
 Concurrent Workers: 1
 Concurrent Refinement Workers: 4
 Periodic GC: Disabled
Heap:
 garbage-first heap   total 194560K, used 105750K [0x0000000704000000, 0x0000000800000000)
  region size 2048K, 13 young (26624K), 1 survivors (2048K)
 Metaspace       used 25565K, committed 25984K, reserved 1114112K
  class space    used 2281K, committed 2496K, reserved 1048576K
GC Heap History (20 events):
Event: 61.527 GC heap before
{Heap before GC invocations=9 (full 0):
 garbage-first heap   total 102400K, used 54833K [0x0000000704000000, 0x0000000800000000)
  region size 2048K, 4 young (8192K), 3 survivors (6144K)
 Metaspace       used 24409K, committed 24768K, reserved 1114112K
  class space    used 2170K, committed 2304K, reserved 1048576K
}
Event: 61.531 GC heap after
{Heap after GC invocations=10 (full 0):
 garbage-first heap   total 102400K, used 30270K [0x0000000704000000, 0x0000000800000000)
  region size 2048K, 2 young (4096K), 2 survivors (4096K)
 Metaspace       used 24409K, committed 24768K, reserved 1114112K
  class space    used 2170K, committed 2304K, reserved 1048576K
}
Event: 61.876 GC heap before
{Heap before GC invocations=10 (full 0):
 garbage-first heap   total 102400K, used 46654K [0x0000000704000000, 0x0000000800000000)
  region size 2048K, 3 young (6144K), 2 survivors (4096K)
 Metaspace       used 24410K, committed 24768K, reserved 1114112K
  class space    used 2170K, committed 2304K, reserved 1048576K
}
Event: 61.879 GC heap after
{Heap after GC invocations=11 (full 0):
 garbage-first heap   total 161792K, used 42371K [0x0000000704000000, 0x0000000800000000)
  region size 2048K, 1 young (2048K), 1 survivors (2048K)
 Metaspace       used 24410K, committed 24768K, reserved 1114112K
  class space    used 2170K, committed 2304K, reserved 1048576K
}
Event: 62.777 GC heap before
{Heap before GC invocations=11 (full 0):
 garbage-first heap   total 161792K, used 73091K [0x0000000704000000, 0x0000000800000000)
  region size 2048K, 2 young (4096K), 1 survivors (2048K)
 Metaspace       used 24413K, committed 24768K, reserved 1114112K
  class space    used 2170K, committed 2304K, reserved 1048576K
}
Event: 62.780 GC heap after
{Heap after GC invocations=12 (full 0):
 garbage-first heap   total 161792K, used 56636K [0x0000000704000000, 0x0000000800000000)
  region size 2048K, 1 young (2048K), 1 survivors (2048K)
 Metaspace       used 24413K, committed 24768K, reserved 1114112K
  class space    used 2170K, committed 2304K, reserved 1048576K
}
Event: 62.962 GC heap before
{Heap before GC invocations=12 (full 0):
 garbage-first heap   total 161792K, used 75068K [0x0000000704000000, 0x0000000800000000)
  region size 2048K, 3 young (6144K), 1 survivors (2048K)
 Metaspace       used 24424K, committed 24768K, reserved 1114112K
  class space    used 2170K, committed 2304K, reserved 1048576K
}
Event: 62.968 GC heap after
{Heap after GC invocations=13 (full 0):
 garbage-first heap   total 161792K, used 42318K [0x0000000704000000, 0x0000000800000000)
  region size 2048K, 1 young (2048K), 1 survivors (2048K)
 Metaspace       used 24424K, committed 24768K, reserved 1114112K
  class space    used 2170K, committed 2304K, reserved 1048576K
}
Event: 63.777 GC heap before
{Heap before GC invocations=13 (full 0):
 garbage-first heap   total 161792K, used 73038K [0x0000000704000000, 0x0000000800000000)
  region size 2048K, 3 young (6144K), 1 survivors (2048K)
 Metaspace       used 24428K, committed 24768K, reserved 1114112K
  class space    used 2170K, committed 2304K, reserved 1048576K
}
Event: 63.781 GC heap after
{Heap after GC invocations=14 (full 0):
 garbage-first heap   total 161792K, used 54615K [0x0000000704000000, 0x0000000800000000)
  region size 2048K, 1 young (2048K), 1 survivors (2048K)
 Metaspace       used 24428K, committed 24768K, reserved 1114112K
  class space    used 2170K, committed 2304K, reserved 1048576K
}
Event: 64.091 GC heap before
{Heap before GC invocations=14 (full 0):
 garbage-first heap   total 161792K, used 73047K [0x0000000704000000, 0x0000000800000000)
  region size 2048K, 2 young (4096K), 1 survivors (2048K)
 Metaspace       used 24428K, committed 24768K, reserved 1114112K
  class space    used 2170K, committed 2304K, reserved 1048576K
}
Event: 64.094 GC heap after
{Heap after GC invocations=15 (full 0):
 garbage-first heap   total 161792K, used 46315K [0x0000000704000000, 0x0000000800000000)
  region size 2048K, 1 young (2048K), 1 survivors (2048K)
 Metaspace       used 24428K, committed 24768K, reserved 1114112K
  class space    used 2170K, committed 2304K, reserved 1048576K
}
Event: 132.839 GC heap before
{Heap before GC invocations=15 (full 0):
 garbage-first heap   total 161792K, used 79083K [0x0000000704000000, 0x0000000800000000)
  region size 2048K, 6 young (12288K), 1 survivors (2048K)
 Metaspace       used 24728K, committed 25088K, reserved 1114112K
  class space    used 2186K, committed 2368K, reserved 1048576K
}
Event: 132.846 GC heap after
{Heap after GC invocations=16 (full 0):
 garbage-first heap   total 161792K, used 52701K [0x0000000704000000, 0x0000000800000000)
  region size 2048K, 2 young (4096K), 2 survivors (4096K)
 Metaspace       used 24728K, committed 25088K, reserved 1114112K
  class space    used 2186K, committed 2368K, reserved 1048576K
}
Event: 133.031 GC heap before
{Heap before GC invocations=16 (full 0):
 garbage-first heap   total 161792K, used 71133K [0x0000000704000000, 0x0000000800000000)
  region size 2048K, 4 young (8192K), 2 survivors (4096K)
 Metaspace       used 24737K, committed 25088K, reserved 1114112K
  class space    used 2186K, committed 2368K, reserved 1048576K
}
Event: 133.034 GC heap after
{Heap after GC invocations=17 (full 0):
 garbage-first heap   total 161792K, used 44419K [0x0000000704000000, 0x0000000800000000)
  region size 2048K, 1 young (2048K), 1 survivors (2048K)
 Metaspace       used 24737K, committed 25088K, reserved 1114112K
  class space    used 2186K, committed 2368K, reserved 1048576K
}
Event: 133.278 GC heap before
{Heap before GC invocations=17 (full 0):
 garbage-first heap   total 161792K, used 71043K [0x0000000704000000, 0x0000000800000000)
  region size 2048K, 2 young (4096K), 1 survivors (2048K)
 Metaspace       used 24743K, committed 25088K, reserved 1114112K
  class space    used 2186K, committed 2368K, reserved 1048576K
}
Event: 133.283 GC heap after
{Heap after GC invocations=18 (full 0):
 garbage-first heap   total 194560K, used 54746K [0x0000000704000000, 0x0000000800000000)
  region size 2048K, 2 young (4096K), 2 survivors (4096K)
 Metaspace       used 24743K, committed 25088K, reserved 1114112K
  class space    used 2186K, committed 2368K, reserved 1048576K
}
Event: 134.083 GC heap before
{Heap before GC invocations=18 (full 0):
 garbage-first heap   total 194560K, used 89562K [0x0000000704000000, 0x0000000800000000)
  region size 2048K, 4 young (8192K), 2 survivors (4096K)
 Metaspace       used 24747K, committed 25088K, reserved 1114112K
  class space    used 2186K, committed 2368K, reserved 1048576K
}
Event: 134.092 GC heap after
{Heap after GC invocations=19 (full 0):
 garbage-first heap   total 194560K, used 60694K [0x0000000704000000, 0x0000000800000000)
  region size 2048K, 1 young (2048K), 1 survivors (2048K)
 Metaspace       used 24747K, committed 25088K, reserved 1114112K
  class space    used 2186K, committed 2368K, reserved 1048576K
}

