# JRE version: OpenJDK Runtime Environment (21.0.5+11) (build 21.0.5+11-LTS)
# Java VM: OpenJDK 64-Bit Server VM (21.0.5+11-LTS, mixed mode, sharing, tiered, compressed oops, compressed class ptrs, g1 gc, windows-amd64)
GC Precious Log:
 CardTable entry size: 512
 Card Set container configuration: InlinePtr #cards 4 size 8 Array Of Cards #cards 16 size 48 Howl #buckets 8 coarsen threshold 3686 Howl Bitmap #cards 512 size 80 coarsen threshold 460 Card regions per heap region 1 cards per card region 4096
 CPUs: 4 total, 4 available
 Memory: 16123M
 Large Page Support: Disabled
 NUMA Support: Disabled
 Compressed Oops: Enabled (Zero based)
 Heap Region Size: 2M
 Heap Min Capacity: 8M
 Heap Initial Capacity: 252M
 Heap Max Capacity: 4032M
 Pre-touch: Disabled
 Parallel Workers: 4
 Concurrent Workers: 1
 Concurrent Refinement Workers: 4
 Periodic GC: Disabled
Heap:
 garbage-first heap   total 90112K, used 58160K [0x0000000704000000, 0x0000000800000000)
  region size 2048K, 18 young (36864K), 2 survivors (4096K)
 Metaspace       used 24417K, committed 24768K, reserved 1114112K
  class space    used 2207K, committed 2368K, reserved 1048576K
GC Heap History (12 events):
Event: 0.842 GC heap before
{Heap before GC invocations=0 (full 0):
 garbage-first heap   total 258048K, used 12288K [0x0000000704000000, 0x0000000800000000)
  region size 2048K, 6 young (12288K), 0 survivors (0K)
 Metaspace       used 3208K, committed 3392K, reserved 1114112K
  class space    used 276K, committed 320K, reserved 1048576K
}
Event: 0.846 GC heap after
{Heap after GC invocations=1 (full 0):
 garbage-first heap   total 258048K, used 4869K [0x0000000704000000, 0x0000000800000000)
  region size 2048K, 1 young (2048K), 1 survivors (2048K)
 Metaspace       used 3208K, committed 3392K, reserved 1114112K
  class space    used 276K, committed 320K, reserved 1048576K
}
Event: 1.472 GC heap before
{Heap before GC invocations=1 (full 0):
 garbage-first heap   total 258048K, used 15109K [0x0000000704000000, 0x0000000800000000)
  region size 2048K, 6 young (12288K), 1 survivors (2048K)
 Metaspace       used 13084K, committed 13248K, reserved 1114112K
  class space    used 1459K, committed 1536K, reserved 1048576K
}
Event: 1.478 GC heap after
{Heap after GC invocations=2 (full 0):
 garbage-first heap   total 258048K, used 7609K [0x0000000704000000, 0x0000000800000000)
  region size 2048K, 1 young (2048K), 1 survivors (2048K)
 Metaspace       used 13084K, committed 13248K, reserved 1114112K
  class space    used 1459K, committed 1536K, reserved 1048576K
}
Event: 6.676 GC heap before
{Heap before GC invocations=2 (full 0):
 garbage-first heap   total 258048K, used 40377K [0x0000000704000000, 0x0000000800000000)
  region size 2048K, 12 young (24576K), 1 survivors (2048K)
 Metaspace       used 16423K, committed 16768K, reserved 1114112K
  class space    used 1825K, committed 1984K, reserved 1048576K
}
Event: 6.682 GC heap after
{Heap after GC invocations=3 (full 0):
 garbage-first heap   total 258048K, used 20648K [0x0000000704000000, 0x0000000800000000)
  region size 2048K, 2 young (4096K), 2 survivors (4096K)
 Metaspace       used 16423K, committed 16768K, reserved 1114112K
  class space    used 1825K, committed 1984K, reserved 1048576K
}
Event: 7.243 GC heap before
{Heap before GC invocations=3 (full 0):
 garbage-first heap   total 258048K, used 47272K [0x0000000704000000, 0x0000000800000000)
  region size 2048K, 14 young (28672K), 2 survivors (4096K)
 Metaspace       used 21199K, committed 21504K, reserved 1114112K
  class space    used 1948K, committed 2112K, reserved 1048576K
}
Event: 7.247 GC heap after
{Heap after GC invocations=4 (full 0):
 garbage-first heap   total 258048K, used 25386K [0x0000000704000000, 0x0000000800000000)
  region size 2048K, 2 young (4096K), 2 survivors (4096K)
 Metaspace       used 21199K, committed 21504K, reserved 1114112K
  class space    used 1948K, committed 2112K, reserved 1048576K
}
Event: 7.633 GC heap before
{Heap before GC invocations=5 (full 0):
 garbage-first heap   total 90112K, used 74538K [0x0000000704000000, 0x0000000800000000)
  region size 2048K, 26 young (53248K), 2 survivors (4096K)
 Metaspace       used 21829K, committed 22208K, reserved 1114112K
  class space    used 1956K, committed 2176K, reserved 1048576K
}
Event: 7.637 GC heap after
{Heap after GC invocations=6 (full 0):
 garbage-first heap   total 90112K, used 21227K [0x0000000704000000, 0x0000000800000000)
  region size 2048K, 2 young (4096K), 2 survivors (4096K)
 Metaspace       used 21829K, committed 22208K, reserved 1114112K
  class space    used 1956K, committed 2176K, reserved 1048576K
}
Event: 7.893 GC heap before
{Heap before GC invocations=6 (full 0):
 garbage-first heap   total 90112K, used 70379K [0x0000000704000000, 0x0000000800000000)
  region size 2048K, 26 young (53248K), 2 survivors (4096K)
 Metaspace       used 21829K, committed 22208K, reserved 1114112K
  class space    used 1956K, committed 2176K, reserved 1048576K
}
Event: 7.898 GC heap after
{Heap after GC invocations=7 (full 0):
 garbage-first heap   total 90112K, used 21296K [0x0000000704000000, 0x0000000800000000)
  region size 2048K, 2 young (4096K), 2 survivors (4096K)
 Metaspace       used 21829K, committed 22208K, reserved 1114112K
  class space    used 1956K, committed 2176K, reserved 1048576K
}

